#
# There is insufficient memory for the Java Runtime Environment to continue.
# Native memory allocation (mmap) failed to map 268435456 bytes for Failed to commit area from 0x0000000701000000 to 0x0000000711000000 of length 268435456.
# Possible reasons:
#   The system is out of physical RAM or swap space
#   The process is running with CompressedOops enabled, and the Java Heap may be blocking the growth of the native heap
# Possible solutions:
#   Reduce memory load on the system
#   Increase physical memory or swap space
#   Check if swap backing store is full
#   Decrease Java heap size (-Xmx/-Xms)
#   Decrease number of Java threads
#   Decrease Java thread stack sizes (-Xss)
#   Set larger code cache with -XX:ReservedCodeCacheSize=
# This output file may be truncated or incomplete.
#
#  Out of Memory Error (./src/hotspot/os/windows/os_windows.cpp:3303), pid=6792, tid=18188
#
# JRE version:  (11.0.8+10) (build )
# Java VM: OpenJDK 64-Bit Server VM (11.0.8+10-b944.6842174, mixed mode, sharing, tiered, compressed oops, g1 gc, windows-amd64)
# No core dump will be written. Minidumps are not enabled by default on client versions of Windows
#

---------------  S U M M A R Y ------------

Command Line: org.jetbrains.git4idea.http.GitAskPassApp Password for 'https://Micksterh@bitbucket.org': 

Host: Intel(R) Core(TM) i9-9900K CPU @ 3.60GHz, 16 cores, 15G,  Windows 10 , 64 bit Build 19041 (10.0.19041.928)
Time: Tue May 18 14:37:46 2021 Pacific Daylight Time elapsed time: 0 seconds (0d 0h 0m 0s)

---------------  T H R E A D  ---------------

Current thread (0x000001d2a648f800):  JavaThread "Unknown thread" [_thread_in_vm, id=18188, stack(0x000000bbf9800000,0x000000bbf9900000)]

Stack: [0x000000bbf9800000,0x000000bbf9900000]
Native frames: (J=compiled Java code, j=interpreted, Vv=VM code, C=native code)
V  [jvm.dll+0x5de50a]
V  [jvm.dll+0x7122f5]
V  [jvm.dll+0x71384d]
V  [jvm.dll+0x713f03]
V  [jvm.dll+0x23e728]
V  [jvm.dll+0x5db9a4]
V  [jvm.dll+0x5d0ae5]
V  [jvm.dll+0x2fb20b]
V  [jvm.dll+0x2fb17a]
V  [jvm.dll+0x2fb052]
V  [jvm.dll+0x2fff16]
V  [jvm.dll+0x348743]
V  [jvm.dll+0x348e46]
V  [jvm.dll+0x348843]
V  [jvm.dll+0x2d5d68]
V  [jvm.dll+0x2d6f07]
V  [jvm.dll+0x6f11f7]
V  [jvm.dll+0x6f29ec]
V  [jvm.dll+0x355cb9]
V  [jvm.dll+0x6d4ade]
V  [jvm.dll+0x3bdfe3]
V  [jvm.dll+0x3c0201]
C  [jli.dll+0x5373]
C  [ucrtbase.dll+0x21bb2]
C  [KERNEL32.DLL+0x17034]
C  [ntdll.dll+0x52651]


---------------  P R O C E S S  ---------------

Threads class SMR info:
_java_thread_list=0x000001d2a4a82e60, length=0, elements={
}

Java Threads: ( => current thread )

Other Threads:
  0x000001d2a64a5800 GCTaskThread "GC Thread#0" [stack: 0x000000bbf9900000,0x000000bbf9a00000] [id=16004]
  0x000001d2a6506800 ConcurrentGCThread "G1 Main Marker" [stack: 0x000000bbf9a00000,0x000000bbf9b00000] [id=2508]
  0x000001d2a6509000 ConcurrentGCThread "G1 Conc#0" [stack: 0x000000bbf9b00000,0x000000bbf9c00000] [id=20872]

[error occurred during error reporting (printing all threads), id 0xc0000005, EXCEPTION_ACCESS_VIOLATION (0xc0000005) at pc=0x00007ffd36d96357]

VM state:not at safepoint (not fully initialized)

VM Mutex/Monitor currently owned by a thread:  ([mutex/lock_event])
[0x000001d2a648be70] Heap_lock - owner thread: 0x000001d2a648f800

Heap address: 0x0000000701000000, size: 4080 MB, Compressed Oops mode: Non-zero based: 0x0000000701000000
Narrow klass base: 0x0000000000000000, Narrow klass shift: 0

GC Heap History (0 events):
No events

Deoptimization events (0 events):
No events

Classes redefined (0 events):
No events

Internal exceptions (0 events):
No events

Events (1 events):
Event: 0.004 Loaded shared library C:\Program Files\Android\Android Studio\jre\bin\zip.dll


Dynamic libraries:
0x00007ff6f45f0000 - 0x00007ff6f45fa000 	C:\Program Files\Android\Android Studio\jre\bin\java.exe
0x00007ffd7b810000 - 0x00007ffd7ba05000 	C:\WINDOWS\SYSTEM32\ntdll.dll
0x00007ffd7a580000 - 0x00007ffd7a63d000 	C:\WINDOWS\System32\KERNEL32.DLL
0x00007ffd795a0000 - 0x00007ffd79868000 	C:\WINDOWS\System32\KERNELBASE.dll
0x00007ffd79000000 - 0x00007ffd79100000 	C:\WINDOWS\System32\ucrtbase.dll
0x00007ffd703e0000 - 0x00007ffd703f9000 	C:\Program Files\Android\Android Studio\jre\bin\jli.dll
0x00007ffd69340000 - 0x00007ffd69357000 	C:\Program Files\Android\Android Studio\jre\bin\VCRUNTIME140.dll
0x00007ffd7b420000 - 0x00007ffd7b5c0000 	C:\WINDOWS\System32\USER32.dll
0x00007ffd78fd0000 - 0x00007ffd78ff2000 	C:\WINDOWS\System32\win32u.dll
0x00007ffd69c80000 - 0x00007ffd69f1a000 	C:\WINDOWS\WinSxS\amd64_microsoft.windows.common-controls_6595b64144ccf1df_6.0.19041.844_none_ca00b6081b84eb1d\COMCTL32.dll
0x00007ffd7b5c0000 - 0x00007ffd7b5ea000 	C:\WINDOWS\System32\GDI32.dll
0x00007ffd79a30000 - 0x00007ffd79ace000 	C:\WINDOWS\System32\msvcrt.dll
0x00007ffd793f0000 - 0x00007ffd794fb000 	C:\WINDOWS\System32\gdi32full.dll
0x00007ffd79500000 - 0x00007ffd7959d000 	C:\WINDOWS\System32\msvcp_win.dll
0x00007ffd7a550000 - 0x00007ffd7a580000 	C:\WINDOWS\System32\IMM32.DLL
0x00007ffd59d10000 - 0x00007ffd59dad000 	C:\Program Files\Android\Android Studio\jre\bin\msvcp140.dll
0x00007ffd36ab0000 - 0x00007ffd3756c000 	C:\Program Files\Android\Android Studio\jre\bin\server\jvm.dll
0x00007ffd7b5f0000 - 0x00007ffd7b69c000 	C:\WINDOWS\System32\ADVAPI32.dll
0x00007ffd7a790000 - 0x00007ffd7a82b000 	C:\WINDOWS\System32\sechost.dll
0x00007ffd7b290000 - 0x00007ffd7b3bb000 	C:\WINDOWS\System32\RPCRT4.dll
0x00007ffd79a20000 - 0x00007ffd79a28000 	C:\WINDOWS\System32\PSAPI.DLL
0x00007ffd749f0000 - 0x00007ffd749f9000 	C:\WINDOWS\SYSTEM32\WSOCK32.dll
0x00007ffd72440000 - 0x00007ffd7244a000 	C:\WINDOWS\SYSTEM32\VERSION.dll
0x00007ffd6d1e0000 - 0x00007ffd6d207000 	C:\WINDOWS\SYSTEM32\WINMM.dll
0x00007ffd7a720000 - 0x00007ffd7a78b000 	C:\WINDOWS\System32\WS2_32.dll
0x00007ffd76ec0000 - 0x00007ffd76ed2000 	C:\WINDOWS\SYSTEM32\kernel.appcore.dll
0x00007ffd70f80000 - 0x00007ffd70f91000 	C:\Program Files\Android\Android Studio\jre\bin\verify.dll
0x00007ffd605b0000 - 0x00007ffd60794000 	C:\WINDOWS\SYSTEM32\DBGHELP.DLL
0x00007ffd60470000 - 0x00007ffd6049c000 	C:\WINDOWS\SYSTEM32\dbgcore.DLL
0x00007ffd78f50000 - 0x00007ffd78fd0000 	C:\WINDOWS\System32\bcryptPrimitives.dll
0x00007ffd70da0000 - 0x00007ffd70dc9000 	C:\Program Files\Android\Android Studio\jre\bin\java.dll
0x00007ffd71220000 - 0x00007ffd7122b000 	C:\Program Files\Android\Android Studio\jre\bin\jimage.dll
0x00007ffd70d80000 - 0x00007ffd70d98000 	C:\Program Files\Android\Android Studio\jre\bin\zip.dll

dbghelp: loaded successfully - version: 4.0.5 - missing functions: none
symbol engine: initialized successfully - sym options: 0x614 - pdb path: .;C:\Program Files\Android\Android Studio\jre\bin;C:\WINDOWS\SYSTEM32;C:\WINDOWS\WinSxS\amd64_microsoft.windows.common-controls_6595b64144ccf1df_6.0.19041.844_none_ca00b6081b84eb1d;C:\Program Files\Android\Android Studio\jre\bin\server

VM Arguments:
java_command: org.jetbrains.git4idea.http.GitAskPassApp Password for 'https://Micksterh@bitbucket.org': 
java_class_path (initial): C:/Program Files/Android/Android Studio/plugins/git4idea/lib/git4idea-rt.jar;C:/Program Files/Android/Android Studio/lib/xmlrpc-2.0.1.jar;C:/Program Files/Android/Android Studio/lib/commons-codec-1.14.jar
Launcher Type: SUN_STANDARD

[Global flags]
     intx CICompilerCount                          = 12                                        {product} {ergonomic}
     uint ConcGCThreads                            = 3                                         {product} {ergonomic}
     uint G1ConcRefinementThreads                  = 13                                        {product} {ergonomic}
   size_t G1HeapRegionSize                         = 1048576                                   {product} {ergonomic}
    uintx GCDrainStackTargetSize                   = 64                                        {product} {ergonomic}
   size_t InitialHeapSize                          = 268435456                                 {product} {ergonomic}
   size_t MarkStackSize                            = 4194304                                   {product} {ergonomic}
   size_t MaxHeapSize                              = 4278190080                                {product} {ergonomic}
   size_t MinHeapDeltaBytes                        = 1048576                                   {product} {ergonomic}
    uintx NonNMethodCodeHeapSize                   = 7594288                                {pd product} {ergonomic}
    uintx NonProfiledCodeHeapSize                  = 122031976                              {pd product} {ergonomic}
    uintx ProfiledCodeHeapSize                     = 122031976                              {pd product} {ergonomic}
    uintx ReservedCodeCacheSize                    = 251658240                              {pd product} {ergonomic}
     bool SegmentedCodeCache                       = true                                      {product} {ergonomic}
     bool UseCompressedClassPointers               = true                                 {lp64_product} {ergonomic}
     bool UseCompressedOops                        = true                                 {lp64_product} {ergonomic}
     bool UseG1GC                                  = true                                      {product} {ergonomic}
     bool UseLargePagesIndividualAllocation        = false                                  {pd product} {ergonomic}

Logging:
Log output configuration:
 #0: stdout all=warning uptime,level,tags
 #1: stderr all=off uptime,level,tags

Environment Variables:
PATH=C:/Program Files/Git/mingw64/libexec/git-core;C:/Program Files/Git/mingw64/libexec/git-core;C:\Program Files\Git\mingw64\bin;C:\Program Files\Git\usr\bin;C:\Users\Mickey\bin;C:\Program Files\Common Files\Oracle\Java\javapath;C:\Program Files (x86)\Common Files\Oracle\Java\javapath;C:\WINDOWS\system32;C:\WINDOWS;C:\WINDOWS\System32\Wbem;C:\WINDOWS\System32\WindowsPowerShell\v1.0\;C:\WINDOWS\System32\OpenSSH\;C:\Program Files (x86)\NVIDIA Corporation\PhysX\Common;C:\Program Files\NVIDIA Corporation\NVIDIA NvDLISR;C:\Program Files\PuTTY\;C:\Program Files\Git\cmd;C:\WINDOWS\system32;C:\WINDOWS;C:\WINDOWS\System32\Wbem;C:\WINDOWS\System32\WindowsPowerShell\v1.0\;C:\WINDOWS\System32\OpenSSH\;C:\Users\Mickey\AppData\Local\Microsoft\WindowsApps;C:\Users\Mickey\AppData\Local\GitHubDesktop\bin
USERNAME=Mickey
DISPLAY=:0.0
LC_ALL=en_US.UTF-8
OS=Windows_NT
PROCESSOR_IDENTIFIER=Intel64 Family 6 Model 158 Stepping 13, GenuineIntel



---------------  S Y S T E M  ---------------

OS: Windows 10 , 64 bit Build 19041 (10.0.19041.928)
OS uptime: 4 days 20:49 hours

CPU:total 16 (initial active 16) (8 cores per cpu, 2 threads per core) family 6 model 158 stepping 13, cmov, cx8, fxsr, mmx, sse, sse2, sse3, ssse3, sse4.1, sse4.2, popcnt, avx, avx2, aes, clmul, erms, 3dnowpref, lzcnt, ht, tsc, tscinvbit, bmi1, bmi2, adx, fma

Memory: 4k page, system-wide physical 16315M (1655M free)
TotalPageFile size 31315M (AvailPageFile size 246M)
current process WorkingSet (physical memory assigned to process): 10M, peak: 10M
current process commit charge ("private bytes"): 71M, peak: 327M

vm_info: OpenJDK 64-Bit Server VM (11.0.8+10-b944.6842174) for windows-amd64 JRE (11.0.8+10-b944.6842174), built on Sep 19 2020 01:11:42 by "builder" with MS VC++ 14.0 (VS2015)

END.
